Build started 07-Feb-16 1:40:10 PM.
     1>Project "C:\Users\SHEEP\Desktop\MyGraphics\Common\Common.vcxproj" on node 2 (Build target(s)).
     1>ClCompile:
         C:\Program Files (x86)\Microsoft Visual Studio 12.0\VC\bin\CL.exe /c /Zi /nologo /W3 /WX- /O2 /Oi /Oy- /GL /D WIN32 /D NDEBUG /D _LIB /D _UNICODE /D UNICODE /Gm- /EHsc /MD /GS /Gy /fp:precise /Zc:wchar_t /Zc:forScope /Fo"Release\\" /Fd"Release\vc120.pdb" /Gd /TP /analyze- /errorReport:prompt Source\MathUtility.cpp Source\MatrixStack.cpp Source\Mtx44.cpp Source\timer.cpp Source\Vector2.cpp Source\Vector3.cpp
         MathUtility.cpp
         MatrixStack.cpp
         Mtx44.cpp
         timer.cpp
         Vector2.cpp
     1>Source\Vector2.cpp(7): warning C4244: 'initializing' : conversion from 'float' to 'int', possible loss of data
     1>Source\Vector2.cpp(18): warning C4244: '=' : conversion from 'float' to 'int', possible loss of data
     1>Source\Vector2.cpp(19): warning C4244: '=' : conversion from 'float' to 'int', possible loss of data
     1>Source\Vector2.cpp(29): warning C4244: 'argument' : conversion from 'const int' to 'float', possible loss of data
     1>Source\Vector2.cpp(34): warning C4244: 'argument' : conversion from 'const int' to 'float', possible loss of data
     1>Source\Vector2.cpp(44): warning C4244: 'return' : conversion from 'double' to 'float', possible loss of data
     1>Source\Vector2.cpp(49): warning C4244: 'return' : conversion from 'const int' to 'float', possible loss of data
         Vector3.cpp
       Lib:
         C:\Program Files (x86)\Microsoft Visual Studio 12.0\VC\bin\Lib.exe /OUT:"C:\Users\SHEEP\Desktop\MyGraphics\Release\Common.lib" /NOLOGO /LTCG Release\MathUtility.obj
         Release\MatrixStack.obj
         Release\Mtx44.obj
         Release\timer.obj
         Release\Vector2.obj
         Release\Vector3.obj
         Common.vcxproj -> C:\Users\SHEEP\Desktop\MyGraphics\Release\Common.lib
     1>Done Building Project "C:\Users\SHEEP\Desktop\MyGraphics\Common\Common.vcxproj" (Build target(s)).

Build succeeded.

Time Elapsed 00:00:01.60
