Build started 3/3/2016 3:33:43 PM.
     1>Project "C:\Users\n1507\Desktop\SP2-Team-11\MyGraphics\MyGraphics\MyGraphics.vcxproj" on node 2 (Build target(s)).
     1>ClCompile:
         D:\Program Files (x86)\Microsoft Visual Studio 12.0\VC\bin\CL.exe /c /I"C:\Users\n1507\Desktop\SP2-Team-11\MyGraphics\\MyGraphics\irrKlang-1.5.0\include" /I"C:\Users\n1507\Desktop\SP2-Team-11\MyGraphics\\Common\Source" /I"C:\Users\n1507\Desktop\SP2-Team-11\MyGraphics\\glfw\include" /I"C:\Users\n1507\Desktop\SP2-Team-11\MyGraphics\\glew\include" /ZI /nologo /W3 /WX- /sdl /Od /Oy- /D WIN32 /D _DEBUG /D _CONSOLE /D _LIB /D _UNICODE /D UNICODE /Gm /EHsc /RTC1 /MDd /GS /fp:precise /Zc:wchar_t /Zc:forScope /Fo"Debug\\" /Fd"Debug\vc120.pdb" /Gd /TP /analyze- /errorReport:prompt Source\Application.cpp Source\MainMenu.cpp Source\NPC.cpp Source\SP2.cpp Source\SP2Scene2.cpp Source\SP2Scene3.cpp Source\Sound.cpp
         Sound.cpp
         SP2.cpp
     1>c:\users\n1507\desktop\sp2-team-11\mygraphics\mygraphics\source\sp2.cpp(42): warning C4244: 'argument' : conversion from 'time_t' to 'unsigned int', possible loss of data
     1>c:\users\n1507\desktop\sp2-team-11\mygraphics\mygraphics\source\sp2.cpp(61): warning C4244: 'argument' : conversion from 'int' to 'float', possible loss of data
     1>c:\users\n1507\desktop\sp2-team-11\mygraphics\mygraphics\source\sp2.cpp(62): warning C4244: 'argument' : conversion from 'int' to 'float', possible loss of data
     1>c:\users\n1507\desktop\sp2-team-11\mygraphics\mygraphics\source\sp2.cpp(63): warning C4244: 'argument' : conversion from 'int' to 'float', possible loss of data
     1>c:\users\n1507\desktop\sp2-team-11\mygraphics\mygraphics\source\sp2.cpp(66): warning C4806: '==' : unsafe operation: no value of type 'bool' promoted to type 'Singleton::PROGRAM_STATE' can equal the given constant
     1>c:\users\n1507\desktop\sp2-team-11\mygraphics\mygraphics\source\sp2.cpp(292): warning C4244: '=' : conversion from 'float' to 'int', possible loss of data
     1>c:\users\n1507\desktop\sp2-team-11\mygraphics\mygraphics\source\sp2.cpp(293): warning C4244: '=' : conversion from 'float' to 'int', possible loss of data
     1>c:\users\n1507\desktop\sp2-team-11\mygraphics\mygraphics\source\sp2.cpp(294): warning C4244: '=' : conversion from 'float' to 'int', possible loss of data
     1>c:\users\n1507\desktop\sp2-team-11\mygraphics\mygraphics\source\sp2.cpp(479): warning C4305: '=' : truncation from 'double' to 'float'
     1>c:\users\n1507\desktop\sp2-team-11\mygraphics\mygraphics\source\sp2.cpp(513): warning C4244: '+=' : conversion from 'float' to 'int', possible loss of data
     1>c:\users\n1507\desktop\sp2-team-11\mygraphics\mygraphics\source\sp2.cpp(522): warning C4244: '-=' : conversion from 'float' to 'int', possible loss of data
     1>c:\users\n1507\desktop\sp2-team-11\mygraphics\mygraphics\source\sp2.cpp(534): warning C4244: 'argument' : conversion from 'int' to 'float', possible loss of data
     1>c:\users\n1507\desktop\sp2-team-11\mygraphics\mygraphics\source\sp2.cpp(534): warning C4244: 'argument' : conversion from 'double' to 'float', possible loss of data
     1>c:\users\n1507\desktop\sp2-team-11\mygraphics\mygraphics\source\sp2.cpp(553): warning C4244: '+=' : conversion from 'float' to 'int', possible loss of data
     1>c:\users\n1507\desktop\sp2-team-11\mygraphics\mygraphics\source\sp2.cpp(562): warning C4244: '-=' : conversion from 'float' to 'int', possible loss of data
     1>c:\users\n1507\desktop\sp2-team-11\mygraphics\mygraphics\source\sp2.cpp(657): warning C4244: 'argument' : conversion from 'double' to 'int', possible loss of data
     1>c:\users\n1507\desktop\sp2-team-11\mygraphics\mygraphics\source\sp2.cpp(663): warning C4018: '<' : signed/unsigned mismatch
     1>c:\users\n1507\desktop\sp2-team-11\mygraphics\mygraphics\source\sp2.cpp(669): warning C4244: '+=' : conversion from 'double' to 'float', possible loss of data
     1>c:\users\n1507\desktop\sp2-team-11\mygraphics\mygraphics\source\sp2.cpp(683): warning C4018: '<' : signed/unsigned mismatch
     1>c:\users\n1507\desktop\sp2-team-11\mygraphics\mygraphics\source\sp2.cpp(691): warning C4244: '+=' : conversion from 'double' to 'float', possible loss of data
     1>c:\users\n1507\desktop\sp2-team-11\mygraphics\mygraphics\source\sp2.cpp(705): warning C4244: '+=' : conversion from 'double' to 'float', possible loss of data
     1>c:\users\n1507\desktop\sp2-team-11\mygraphics\mygraphics\source\sp2.cpp(706): warning C4244: '+=' : conversion from 'double' to 'float', possible loss of data
     1>c:\users\n1507\desktop\sp2-team-11\mygraphics\mygraphics\source\sp2.cpp(737): warning C4244: '+=' : conversion from 'double' to 'float', possible loss of data
     1>c:\users\n1507\desktop\sp2-team-11\mygraphics\mygraphics\source\sp2.cpp(938): warning C4018: '<' : signed/unsigned mismatch
     1>c:\users\n1507\desktop\sp2-team-11\mygraphics\mygraphics\source\sp2.cpp(953): warning C4018: '<' : signed/unsigned mismatch
     1>c:\users\n1507\desktop\sp2-team-11\mygraphics\mygraphics\source\sp2.cpp(988): warning C4244: 'argument' : conversion from 'int' to 'float', possible loss of data
     1>c:\users\n1507\desktop\sp2-team-11\mygraphics\mygraphics\source\sp2.cpp(989): warning C4244: 'argument' : conversion from 'int' to 'float', possible loss of data
     1>c:\users\n1507\desktop\sp2-team-11\mygraphics\mygraphics\source\sp2.cpp(995): warning C4244: 'argument' : conversion from 'int' to 'float', possible loss of data
     1>c:\users\n1507\desktop\sp2-team-11\mygraphics\mygraphics\source\sp2.cpp(999): warning C4244: 'argument' : conversion from 'int' to 'float', possible loss of data
     1>c:\users\n1507\desktop\sp2-team-11\mygraphics\mygraphics\source\sp2.cpp(1020): warning C4244: 'argument' : conversion from 'double' to 'float', possible loss of data
     1>c:\users\n1507\desktop\sp2-team-11\mygraphics\mygraphics\source\sp2.cpp(1020): warning C4305: 'argument' : truncation from 'double' to 'float'
     1>c:\users\n1507\desktop\sp2-team-11\mygraphics\mygraphics\source\sp2.cpp(1029): warning C4244: 'argument' : conversion from 'int' to 'float', possible loss of data
     1>c:\users\n1507\desktop\sp2-team-11\mygraphics\mygraphics\source\sp2.cpp(1032): warning C4244: 'argument' : conversion from 'int' to 'float', possible loss of data
     1>c:\users\n1507\desktop\sp2-team-11\mygraphics\mygraphics\source\sp2.cpp(1035): warning C4244: 'argument' : conversion from 'int' to 'float', possible loss of data
     1>c:\users\n1507\desktop\sp2-team-11\mygraphics\mygraphics\source\sp2.cpp(1051): warning C4305: 'argument' : truncation from 'double' to 'float'
     1>c:\users\n1507\desktop\sp2-team-11\mygraphics\mygraphics\source\sp2.cpp(1057): warning C4305: 'argument' : truncation from 'double' to 'float'
     1>c:\users\n1507\desktop\sp2-team-11\mygraphics\mygraphics\source\sp2.cpp(1063): warning C4305: 'argument' : truncation from 'double' to 'float'
     1>c:\users\n1507\desktop\sp2-team-11\mygraphics\mygraphics\source\sp2.cpp(1070): warning C4244: 'argument' : conversion from 'int' to 'float', possible loss of data
     1>c:\users\n1507\desktop\sp2-team-11\mygraphics\mygraphics\source\sp2.cpp(1076): warning C4305: 'argument' : truncation from 'double' to 'float'
     1>c:\users\n1507\desktop\sp2-team-11\mygraphics\mygraphics\source\sp2.cpp(1079): warning C4305: 'argument' : truncation from 'double' to 'float'
     1>c:\users\n1507\desktop\sp2-team-11\mygraphics\mygraphics\source\sp2.cpp(1082): warning C4305: 'argument' : truncation from 'double' to 'float'
     1>c:\users\n1507\desktop\sp2-team-11\mygraphics\mygraphics\source\sp2.cpp(1089): warning C4244: 'argument' : conversion from 'int' to 'float', possible loss of data
     1>c:\users\n1507\desktop\sp2-team-11\mygraphics\mygraphics\source\sp2.cpp(1093): warning C4305: 'argument' : truncation from 'double' to 'float'
     1>c:\users\n1507\desktop\sp2-team-11\mygraphics\mygraphics\source\sp2.cpp(1100): warning C4244: 'argument' : conversion from 'int' to 'float', possible loss of data
     1>c:\users\n1507\desktop\sp2-team-11\mygraphics\mygraphics\source\sp2.cpp(1104): warning C4305: 'argument' : truncation from 'double' to 'float'
     1>c:\users\n1507\desktop\sp2-team-11\mygraphics\mygraphics\source\sp2.cpp(1110): warning C4305: 'argument' : truncation from 'double' to 'float'
     1>c:\users\n1507\desktop\sp2-team-11\mygraphics\mygraphics\source\sp2.cpp(1117): warning C4244: 'argument' : conversion from 'int' to 'float', possible loss of data
     1>c:\users\n1507\desktop\sp2-team-11\mygraphics\mygraphics\source\sp2.cpp(1122): warning C4305: 'argument' : truncation from 'double' to 'float'
     1>c:\users\n1507\desktop\sp2-team-11\mygraphics\mygraphics\source\sp2.cpp(1129): warning C4305: 'argument' : truncation from 'double' to 'float'
     1>c:\users\n1507\desktop\sp2-team-11\mygraphics\mygraphics\source\sp2.cpp(1135): warning C4305: 'argument' : truncation from 'double' to 'float'
     1>c:\users\n1507\desktop\sp2-team-11\mygraphics\mygraphics\source\sp2.cpp(1142): warning C4244: 'argument' : conversion from 'int' to 'float', possible loss of data
     1>c:\users\n1507\desktop\sp2-team-11\mygraphics\mygraphics\source\sp2.cpp(1147): warning C4305: 'argument' : truncation from 'double' to 'float'
     1>c:\users\n1507\desktop\sp2-team-11\mygraphics\mygraphics\source\sp2.cpp(1153): warning C4305: 'argument' : truncation from 'double' to 'float'
     1>c:\users\n1507\desktop\sp2-team-11\mygraphics\mygraphics\source\sp2.cpp(1159): warning C4305: 'argument' : truncation from 'double' to 'float'
     1>c:\users\n1507\desktop\sp2-team-11\mygraphics\mygraphics\source\sp2.cpp(1162): warning C4305: 'argument' : truncation from 'double' to 'float'
     1>c:\users\n1507\desktop\sp2-team-11\mygraphics\mygraphics\source\sp2.cpp(1165): warning C4305: 'argument' : truncation from 'double' to 'float'
     1>c:\users\n1507\desktop\sp2-team-11\mygraphics\mygraphics\source\sp2.cpp(1172): warning C4305: 'argument' : truncation from 'double' to 'float'
     1>c:\users\n1507\desktop\sp2-team-11\mygraphics\mygraphics\source\sp2.cpp(1178): warning C4305: 'argument' : truncation from 'double' to 'float'
     1>c:\users\n1507\desktop\sp2-team-11\mygraphics\mygraphics\source\sp2.cpp(1184): warning C4305: 'argument' : truncation from 'double' to 'float'
     1>c:\users\n1507\desktop\sp2-team-11\mygraphics\mygraphics\source\sp2.cpp(1210): warning C4244: 'argument' : conversion from 'float' to 'int', possible loss of data
     1>c:\users\n1507\desktop\sp2-team-11\mygraphics\mygraphics\source\sp2.cpp(1216): warning C4305: 'argument' : truncation from 'double' to 'float'
     1>c:\users\n1507\desktop\sp2-team-11\mygraphics\mygraphics\source\sp2.cpp(1458): warning C4244: '=' : conversion from 'float' to 'int', possible loss of data
     1>c:\users\n1507\desktop\sp2-team-11\mygraphics\mygraphics\source\sp2.cpp(1459): warning C4244: '=' : conversion from 'float' to 'int', possible loss of data
     1>c:\users\n1507\desktop\sp2-team-11\mygraphics\mygraphics\source\sp2.cpp(1460): warning C4244: '=' : conversion from 'float' to 'int', possible loss of data
     1>c:\users\n1507\desktop\sp2-team-11\mygraphics\mygraphics\source\sp2.cpp(1461): warning C4244: '=' : conversion from 'float' to 'int', possible loss of data
     1>c:\users\n1507\desktop\sp2-team-11\mygraphics\mygraphics\source\sp2.cpp(1466): warning C4244: 'argument' : conversion from 'int' to 'float', possible loss of data
     1>c:\users\n1507\desktop\sp2-team-11\mygraphics\mygraphics\source\sp2.cpp(1470): warning C4244: 'argument' : conversion from 'int' to 'float', possible loss of data
     1>c:\users\n1507\desktop\sp2-team-11\mygraphics\mygraphics\source\sp2.cpp(1474): warning C4244: 'argument' : conversion from 'int' to 'float', possible loss of data
     1>c:\users\n1507\desktop\sp2-team-11\mygraphics\mygraphics\source\sp2.cpp(1478): warning C4244: 'argument' : conversion from 'int' to 'float', possible loss of data
     1>c:\users\n1507\desktop\sp2-team-11\mygraphics\mygraphics\source\sp2.cpp(1484): warning C4244: 'argument' : conversion from 'int' to 'float', possible loss of data
     1>c:\users\n1507\desktop\sp2-team-11\mygraphics\mygraphics\source\sp2.cpp(1488): warning C4244: 'argument' : conversion from 'int' to 'float', possible loss of data
     1>c:\users\n1507\desktop\sp2-team-11\mygraphics\mygraphics\source\sp2.cpp(1492): warning C4244: 'argument' : conversion from 'int' to 'float', possible loss of data
     1>c:\users\n1507\desktop\sp2-team-11\mygraphics\mygraphics\source\sp2.cpp(1497): warning C4244: 'argument' : conversion from 'int' to 'float', possible loss of data
     1>c:\users\n1507\desktop\sp2-team-11\mygraphics\mygraphics\source\sp2.cpp(1558): warning C4244: '=' : conversion from 'float' to 'int', possible loss of data
     1>c:\users\n1507\desktop\sp2-team-11\mygraphics\mygraphics\source\sp2.cpp(1559): warning C4244: '=' : conversion from 'float' to 'int', possible loss of data
     1>c:\users\n1507\desktop\sp2-team-11\mygraphics\mygraphics\source\sp2.cpp(1560): warning C4244: '=' : conversion from 'float' to 'int', possible loss of data
     1>c:\users\n1507\desktop\sp2-team-11\mygraphics\mygraphics\source\sp2.cpp(1561): warning C4244: '=' : conversion from 'float' to 'int', possible loss of data
     1>c:\users\n1507\desktop\sp2-team-11\mygraphics\mygraphics\source\sp2.cpp(1599): warning C4305: 'argument' : truncation from 'double' to 'float'
         NPC.cpp
         Generating Code...
         Compiling...
         SP2Scene3.cpp
     1>c:\users\n1507\desktop\sp2-team-11\mygraphics\mygraphics\source\sp2scene3.cpp(271): warning C4244: '=' : conversion from 'float' to 'int', possible loss of data
     1>c:\users\n1507\desktop\sp2-team-11\mygraphics\mygraphics\source\sp2scene3.cpp(296): warning C4244: '+=' : conversion from 'float' to 'int', possible loss of data
     1>c:\users\n1507\desktop\sp2-team-11\mygraphics\mygraphics\source\sp2scene3.cpp(305): warning C4244: '-=' : conversion from 'float' to 'int', possible loss of data
     1>c:\users\n1507\desktop\sp2-team-11\mygraphics\mygraphics\source\sp2scene3.cpp(364): warning C4244: 'argument' : conversion from 'int' to 'float', possible loss of data
     1>c:\users\n1507\desktop\sp2-team-11\mygraphics\mygraphics\source\sp2scene3.cpp(364): warning C4244: 'argument' : conversion from 'double' to 'float', possible loss of data
     1>c:\users\n1507\desktop\sp2-team-11\mygraphics\mygraphics\source\sp2scene3.cpp(387): warning C4244: 'argument' : conversion from 'int' to 'float', possible loss of data
     1>c:\users\n1507\desktop\sp2-team-11\mygraphics\mygraphics\source\sp2scene3.cpp(387): warning C4244: 'argument' : conversion from 'double' to 'float', possible loss of data
     1>c:\users\n1507\desktop\sp2-team-11\mygraphics\mygraphics\source\sp2scene3.cpp(423): warning C4244: '+=' : conversion from 'float' to 'int', possible loss of data
     1>c:\users\n1507\desktop\sp2-team-11\mygraphics\mygraphics\source\sp2scene3.cpp(432): warning C4244: '-=' : conversion from 'float' to 'int', possible loss of data
     1>c:\users\n1507\desktop\sp2-team-11\mygraphics\mygraphics\source\sp2scene3.cpp(467): warning C4244: 'argument' : conversion from 'double' to 'int', possible loss of data
     1>c:\users\n1507\desktop\sp2-team-11\mygraphics\mygraphics\source\sp2scene3.cpp(603): warning C4018: '<' : signed/unsigned mismatch
     1>c:\users\n1507\desktop\sp2-team-11\mygraphics\mygraphics\source\sp2scene3.cpp(710): warning C4244: 'argument' : conversion from 'int' to 'float', possible loss of data
     1>c:\users\n1507\desktop\sp2-team-11\mygraphics\mygraphics\source\sp2scene3.cpp(711): warning C4244: 'argument' : conversion from 'int' to 'float', possible loss of data
     1>c:\users\n1507\desktop\sp2-team-11\mygraphics\mygraphics\source\sp2scene3.cpp(717): warning C4244: 'argument' : conversion from 'int' to 'float', possible loss of data
     1>c:\users\n1507\desktop\sp2-team-11\mygraphics\mygraphics\source\sp2scene3.cpp(721): warning C4244: 'argument' : conversion from 'int' to 'float', possible loss of data
     1>c:\users\n1507\desktop\sp2-team-11\mygraphics\mygraphics\source\sp2scene3.cpp(761): warning C4244: 'argument' : conversion from 'int' to 'float', possible loss of data
     1>c:\users\n1507\desktop\sp2-team-11\mygraphics\mygraphics\source\sp2scene3.cpp(764): warning C4244: 'argument' : conversion from 'int' to 'float', possible loss of data
     1>c:\users\n1507\desktop\sp2-team-11\mygraphics\mygraphics\source\sp2scene3.cpp(767): warning C4244: 'argument' : conversion from 'int' to 'float', possible loss of data
     1>c:\users\n1507\desktop\sp2-team-11\mygraphics\mygraphics\source\sp2scene3.cpp(776): warning C4305: 'argument' : truncation from 'double' to 'float'
     1>c:\users\n1507\desktop\sp2-team-11\mygraphics\mygraphics\source\sp2scene3.cpp(783): warning C4244: 'argument' : conversion from 'int' to 'float', possible loss of data
     1>c:\users\n1507\desktop\sp2-team-11\mygraphics\mygraphics\source\sp2scene3.cpp(783): warning C4305: 'argument' : truncation from 'double' to 'float'
     1>c:\users\n1507\desktop\sp2-team-11\mygraphics\mygraphics\source\sp2scene3.cpp(787): warning C4305: 'argument' : truncation from 'double' to 'float'
     1>c:\users\n1507\desktop\sp2-team-11\mygraphics\mygraphics\source\sp2scene3.cpp(793): warning C4305: 'argument' : truncation from 'double' to 'float'
     1>c:\users\n1507\desktop\sp2-team-11\mygraphics\mygraphics\source\sp2scene3.cpp(796): warning C4305: 'argument' : truncation from 'double' to 'float'
     1>c:\users\n1507\desktop\sp2-team-11\mygraphics\mygraphics\source\sp2scene3.cpp(810): warning C4244: 'argument' : conversion from 'float' to 'int', possible loss of data
     1>c:\users\n1507\desktop\sp2-team-11\mygraphics\mygraphics\source\sp2scene3.cpp(816): warning C4305: 'argument' : truncation from 'double' to 'float'
     1>c:\users\n1507\desktop\sp2-team-11\mygraphics\mygraphics\source\sp2scene3.cpp(1115): warning C4244: 'argument' : conversion from 'int' to 'float', possible loss of data
     1>c:\users\n1507\desktop\sp2-team-11\mygraphics\mygraphics\source\sp2scene3.cpp(1119): warning C4244: 'argument' : conversion from 'int' to 'float', possible loss of data
     1>c:\users\n1507\desktop\sp2-team-11\mygraphics\mygraphics\source\sp2scene3.cpp(1123): warning C4244: 'argument' : conversion from 'int' to 'float', possible loss of data
     1>c:\users\n1507\desktop\sp2-team-11\mygraphics\mygraphics\source\sp2scene3.cpp(1128): warning C4244: 'argument' : conversion from 'int' to 'float', possible loss of data
     1>c:\users\n1507\desktop\sp2-team-11\mygraphics\mygraphics\source\sp2scene3.cpp(1281): warning C4305: 'argument' : truncation from 'double' to 'float'
         SP2Scene2.cpp
     1>c:\users\n1507\desktop\sp2-team-11\mygraphics\mygraphics\source\sp2scene2.cpp(197): warning C4244: 'argument' : conversion from 'time_t' to 'unsigned int', possible loss of data
     1>c:\users\n1507\desktop\sp2-team-11\mygraphics\mygraphics\source\sp2scene2.cpp(200): warning C4244: 'argument' : conversion from 'int' to 'float', possible loss of data
     1>c:\users\n1507\desktop\sp2-team-11\mygraphics\mygraphics\source\sp2scene2.cpp(205): warning C4244: 'argument' : conversion from 'int' to 'float', possible loss of data
     1>c:\users\n1507\desktop\sp2-team-11\mygraphics\mygraphics\source\sp2scene2.cpp(216): warning C4244: '=' : conversion from 'float' to 'int', possible loss of data
     1>c:\users\n1507\desktop\sp2-team-11\mygraphics\mygraphics\source\sp2scene2.cpp(289): warning C4244: 'argument' : conversion from 'double' to 'int', possible loss of data
     1>c:\users\n1507\desktop\sp2-team-11\mygraphics\mygraphics\source\sp2scene2.cpp(322): warning C4244: '=' : conversion from 'double' to 'float', possible loss of data
     1>c:\users\n1507\desktop\sp2-team-11\mygraphics\mygraphics\source\sp2scene2.cpp(324): warning C4244: '=' : conversion from 'double' to 'float', possible loss of data
     1>c:\users\n1507\desktop\sp2-team-11\mygraphics\mygraphics\source\sp2scene2.cpp(330): warning C4244: '=' : conversion from 'double' to 'float', possible loss of data
     1>c:\users\n1507\desktop\sp2-team-11\mygraphics\mygraphics\source\sp2scene2.cpp(332): warning C4244: '=' : conversion from 'double' to 'float', possible loss of data
     1>c:\users\n1507\desktop\sp2-team-11\mygraphics\mygraphics\source\sp2scene2.cpp(338): warning C4244: '=' : conversion from 'double' to 'float', possible loss of data
     1>c:\users\n1507\desktop\sp2-team-11\mygraphics\mygraphics\source\sp2scene2.cpp(340): warning C4244: '=' : conversion from 'double' to 'float', possible loss of data
     1>c:\users\n1507\desktop\sp2-team-11\mygraphics\mygraphics\source\sp2scene2.cpp(345): warning C4244: '=' : conversion from 'double' to 'float', possible loss of data
     1>c:\users\n1507\desktop\sp2-team-11\mygraphics\mygraphics\source\sp2scene2.cpp(347): warning C4244: '=' : conversion from 'double' to 'float', possible loss of data
     1>c:\users\n1507\desktop\sp2-team-11\mygraphics\mygraphics\source\sp2scene2.cpp(354): warning C4244: '-=' : conversion from 'double' to 'float', possible loss of data
     1>c:\users\n1507\desktop\sp2-team-11\mygraphics\mygraphics\source\sp2scene2.cpp(362): warning C4244: '+=' : conversion from 'double' to 'float', possible loss of data
     1>c:\users\n1507\desktop\sp2-team-11\mygraphics\mygraphics\source\sp2scene2.cpp(376): warning C4244: '-=' : conversion from 'double' to 'float', possible loss of data
     1>c:\users\n1507\desktop\sp2-team-11\mygraphics\mygraphics\source\sp2scene2.cpp(384): warning C4244: '+=' : conversion from 'double' to 'float', possible loss of data
     1>c:\users\n1507\desktop\sp2-team-11\mygraphics\mygraphics\source\sp2scene2.cpp(405): warning C4244: '=' : conversion from 'double' to 'float', possible loss of data
     1>c:\users\n1507\desktop\sp2-team-11\mygraphics\mygraphics\source\sp2scene2.cpp(415): warning C4244: '=' : conversion from 'double' to 'float', possible loss of data
     1>c:\users\n1507\desktop\sp2-team-11\mygraphics\mygraphics\source\sp2scene2.cpp(425): warning C4244: '=' : conversion from 'double' to 'float', possible loss of data
     1>c:\users\n1507\desktop\sp2-team-11\mygraphics\mygraphics\source\sp2scene2.cpp(434): warning C4244: '=' : conversion from 'double' to 'float', possible loss of data
     1>c:\users\n1507\desktop\sp2-team-11\mygraphics\mygraphics\source\sp2scene2.cpp(631): warning C4018: '<' : signed/unsigned mismatch
     1>c:\users\n1507\desktop\sp2-team-11\mygraphics\mygraphics\source\sp2scene2.cpp(646): warning C4244: 'argument' : conversion from 'int' to 'float', possible loss of data
     1>c:\users\n1507\desktop\sp2-team-11\mygraphics\mygraphics\source\sp2scene2.cpp(649): warning C4244: 'argument' : conversion from 'int' to 'float', possible loss of data
     1>c:\users\n1507\desktop\sp2-team-11\mygraphics\mygraphics\source\sp2scene2.cpp(652): warning C4244: 'argument' : conversion from 'int' to 'float', possible loss of data
     1>c:\users\n1507\desktop\sp2-team-11\mygraphics\mygraphics\source\sp2scene2.cpp(658): warning C4305: 'argument' : truncation from 'double' to 'float'
     1>c:\users\n1507\desktop\sp2-team-11\mygraphics\mygraphics\source\sp2scene2.cpp(669): warning C4244: 'argument' : conversion from 'float' to 'int', possible loss of data
     1>c:\users\n1507\desktop\sp2-team-11\mygraphics\mygraphics\source\sp2scene2.cpp(838): warning C4305: 'argument' : truncation from 'double' to 'float'
         MainMenu.cpp
     1>c:\users\n1507\desktop\sp2-team-11\mygraphics\mygraphics\source\mainmenu.cpp(236): warning C4244: 'argument' : conversion from 'float' to 'GLenum', possible loss of data
     1>c:\users\n1507\desktop\sp2-team-11\mygraphics\mygraphics\source\mainmenu.cpp(480): warning C4244: 'argument' : conversion from 'int' to 'float', possible loss of data
     1>c:\users\n1507\desktop\sp2-team-11\mygraphics\mygraphics\source\mainmenu.cpp(558): warning C4244: 'argument' : conversion from 'int' to 'float', possible loss of data
         Application.cpp
     1>c:\users\n1507\desktop\sp2-team-11\mygraphics\mygraphics\source\application.cpp(68): warning C4244: '=' : conversion from 'double' to 'int', possible loss of data
     1>c:\users\n1507\desktop\sp2-team-11\mygraphics\mygraphics\source\application.cpp(69): warning C4244: '=' : conversion from 'double' to 'int', possible loss of data
         Generating Code...
       Link:
         D:\Program Files (x86)\Microsoft Visual Studio 12.0\VC\bin\link.exe /ERRORREPORT:PROMPT /OUT:"C:\Users\n1507\Desktop\SP2-Team-11\MyGraphics\Debug\MyGraphics.exe" /INCREMENTAL /NOLOGO /LIBPATH:"C:\Users\n1507\Desktop\SP2-Team-11\MyGraphics\Debug" /LIBPATH:"C:\Users\n1507\Desktop\SP2-Team-11\MyGraphics\\glew\lib" /LIBPATH:"C:\Users\n1507\Desktop\SP2-Team-11\MyGraphics\\glfw\lib-msvc120" glew32.lib glfw3.lib opengl32.lib winmm.lib Common.lib kernel32.lib user32.lib gdi32.lib winspool.lib comdlg32.lib advapi32.lib shell32.lib ole32.lib oleaut32.lib uuid.lib odbc32.lib odbccp32.lib /MANIFEST /MANIFESTUAC:"level='asInvoker' uiAccess='false'" /manifest:embed /DEBUG /PDB:"C:\Users\n1507\Desktop\SP2-Team-11\MyGraphics\Debug\MyGraphics.pdb" /SUBSYSTEM:CONSOLE /TLBID:1 /DYNAMICBASE /NXCOMPAT /IMPLIB:"C:\Users\n1507\Desktop\SP2-Team-11\MyGraphics\Debug\MyGraphics.lib" /MACHINE:X86 Debug\Application.obj
         Debug\Boss.obj
         Debug\Bullet.obj
         Debug\Camera.obj
         Debug\Hitbox.obj
         Debug\Inventory.obj
         Debug\LoadOBJ.obj
         Debug\LoadTGA.obj
         Debug\main.obj
         Debug\MainMenu.obj
         Debug\Mesh.obj
         Debug\MeshBuilder.obj
         Debug\NPC.obj
         Debug\Object.obj
         Debug\shader.obj
         Debug\Sound.obj
         Debug\SP2.obj
         Debug\SP2Scene2.obj
         Debug\SP2Scene3.obj
         Debug\Utility.obj
         Debug\Weapon.obj
         MyGraphics.vcxproj -> C:\Users\n1507\Desktop\SP2-Team-11\MyGraphics\Debug\MyGraphics.exe
     1>Done Building Project "C:\Users\n1507\Desktop\SP2-Team-11\MyGraphics\MyGraphics\MyGraphics.vcxproj" (Build target(s)).

Build succeeded.

Time Elapsed 00:00:05.53
